[ 2017-05-23T20:19:58+08:00 ] 127.0.0.1 /tp/ThinkPHP/
INFO: [ app_begin ] --START--
INFO: Run Behavior\ReadHtmlCache [ RunTime:0.001007s ]
INFO: [ app_begin ] --END-- [ RunTime:0.001722s ]

[ 2017-05-23T20:19:58+08:00 ] 127.0.0.1 /tp/ThinkPHP/index.php/Sign/index
INFO: [ app_begin ] --START--
INFO: Run Behavior\ReadHtmlCache [ RunTime:0.000175s ]
INFO: [ app_begin ] --END-- [ RunTime:0.000335s ]
INFO: [ view_parse ] --START--
INFO: [ template_filter ] --START--
INFO: Run Behavior\ContentReplace [ RunTime:0.000041s ]
INFO: [ template_filter ] --END-- [ RunTime:0.000072s ]
INFO: Run Behavior\ParseTemplate [ RunTime:0.007313s ]
INFO: [ view_parse ] --END-- [ RunTime:0.007339s ]
INFO: [ view_filter ] --START--
INFO: Run Behavior\WriteHtmlCache [ RunTime:0.000289s ]
INFO: [ view_filter ] --END-- [ RunTime:0.000332s ]
INFO: [ app_end ] --START--
INFO: Run Behavior\ShowPageTrace [ RunTime:0.000846s ]
INFO: [ app_end ] --END-- [ RunTime:0.000887s ]

[ 2017-05-23T20:19:58+08:00 ] 127.0.0.1 /tp/ThinkPHP/index.php/Home/Sign/verify_c
INFO: [ app_begin ] --START--
INFO: Run Behavior\ReadHtmlCache [ RunTime:0.000230s ]
INFO: [ app_begin ] --END-- [ RunTime:0.000485s ]
NOTIC: [8] A session had already been started - ignoring session_start() /Users/apple/Sites/tp/ThinkPHP/Application/Home/Controller/SignController.class.php 第 26 行.
INFO: [ app_end ] --START--
INFO: Run Behavior\ShowPageTrace [ RunTime:0.000410s ]
INFO: [ app_end ] --END-- [ RunTime:0.000449s ]

[ 2017-05-23T20:20:05+08:00 ] 127.0.0.1 /tp/ThinkPHP/index.php/Home/Sign/verify_c
INFO: [ app_begin ] --START--
INFO: Run Behavior\ReadHtmlCache [ RunTime:0.000278s ]
INFO: [ app_begin ] --END-- [ RunTime:0.000578s ]
NOTIC: [8] A session had already been started - ignoring session_start() /Users/apple/Sites/tp/ThinkPHP/Application/Home/Controller/SignController.class.php 第 26 行.
INFO: [ app_end ] --START--
INFO: Run Behavior\ShowPageTrace [ RunTime:0.006227s ]
INFO: [ app_end ] --END-- [ RunTime:0.006326s ]

