[ 2017-04-11T13:52:10+08:00 ] 127.0.0.1 /index.php/Topic/index
INFO: [ app_begin ] --START--
INFO: Run Behavior\ReadHtmlCache [ RunTime:0.000634s ]
INFO: [ app_begin ] --END-- [ RunTime:0.001690s ]

[ 2017-04-11T13:52:10+08:00 ] 127.0.0.1 /index.php/Sign/index
INFO: [ app_begin ] --START--
INFO: Run Behavior\ReadHtmlCache [ RunTime:0.000294s ]
INFO: [ app_begin ] --END-- [ RunTime:0.000495s ]
INFO: [ view_parse ] --START--
INFO: [ template_filter ] --START--
INFO: Run Behavior\ContentReplace [ RunTime:0.000040s ]
INFO: [ template_filter ] --END-- [ RunTime:0.000081s ]
INFO: Run Behavior\ParseTemplate [ RunTime:0.008926s ]
INFO: [ view_parse ] --END-- [ RunTime:0.008980s ]
INFO: [ view_filter ] --START--
INFO: Run Behavior\WriteHtmlCache [ RunTime:0.000349s ]
INFO: [ view_filter ] --END-- [ RunTime:0.000377s ]
INFO: [ app_end ] --START--
INFO: Run Behavior\ShowPageTrace [ RunTime:0.000754s ]
INFO: [ app_end ] --END-- [ RunTime:0.000787s ]

[ 2017-04-11T13:52:10+08:00 ] 127.0.0.1 /index.php/Home/Sign/verify_c
INFO: [ app_begin ] --START--
INFO: Run Behavior\ReadHtmlCache [ RunTime:0.001648s ]
INFO: [ app_begin ] --END-- [ RunTime:0.001958s ]
NOTIC: [8] A session had already been started - ignoring session_start() /Users/apple/Sites/tp/ThinkPHP/Application/Home/Controller/SignController.class.php 第 22 行.
INFO: [ app_end ] --START--
INFO: Run Behavior\ShowPageTrace [ RunTime:0.000420s ]
INFO: [ app_end ] --END-- [ RunTime:0.000470s ]

[ 2017-04-11T13:52:16+08:00 ] 127.0.0.1 /index.php/sign/signin_check
INFO: [ app_begin ] --START--
INFO: Run Behavior\ReadHtmlCache [ RunTime:0.000221s ]
INFO: [ app_begin ] --END-- [ RunTime:0.000403s ]
SQL: DESCRIBE user [ RunTime:0.002755s ]
SQL: SELECT * FROM `user` WHERE ( `email` = 'admin' ) LIMIT 1   [ RunTime:0.000838s ]
SQL: SELECT * FROM `user` WHERE ( `email` = 'admin' ) AND ( `password` = 'admin' ) LIMIT 1   [ RunTime:0.000329s ]

[ 2017-04-11T13:52:16+08:00 ] 127.0.0.1 /
INFO: [ app_begin ] --START--
INFO: Run Behavior\ReadHtmlCache [ RunTime:0.000262s ]
INFO: [ app_begin ] --END-- [ RunTime:0.000489s ]
SQL: DESCRIBE user [ RunTime:0.002593s ]
SQL: SELECT * FROM `user` WHERE ( `id` = 2 ) LIMIT 1   [ RunTime:0.000450s ]
INFO: [ view_parse ] --START--
INFO: [ template_filter ] --START--
INFO: Run Behavior\ContentReplace [ RunTime:0.000050s ]
INFO: [ template_filter ] --END-- [ RunTime:0.000088s ]
INFO: Run Behavior\ParseTemplate [ RunTime:0.005976s ]
INFO: [ view_parse ] --END-- [ RunTime:0.006012s ]
INFO: [ view_filter ] --START--
INFO: Run Behavior\WriteHtmlCache [ RunTime:0.000098s ]
INFO: [ view_filter ] --END-- [ RunTime:0.000118s ]
INFO: [ app_end ] --START--
INFO: Run Behavior\ShowPageTrace [ RunTime:0.000537s ]
INFO: [ app_end ] --END-- [ RunTime:0.000565s ]

[ 2017-04-11T13:52:18+08:00 ] 127.0.0.1 /index.php/Topic/index
INFO: [ app_begin ] --START--
INFO: Run Behavior\ReadHtmlCache [ RunTime:0.000872s ]
INFO: [ app_begin ] --END-- [ RunTime:0.001202s ]
SQL: DESCRIBE user [ RunTime:0.004361s ]
SQL: SELECT * FROM `user` WHERE ( `id` = 2 ) LIMIT 1   [ RunTime:0.000654s ]
SQL: DESCRIBE topic [ RunTime:0.001655s ]
SQL: DESCRIBE topic as a [ RunTime:0.000172s ]
ERR: 1064:You have an error in your SQL syntax; check the manual that corresponds to your MySQL server version for the right syntax to use near 'as a' at line 1
 [ SQL语句 ] : DESCRIBE topic as a
SQL: SELECT * FROM topic as a INNER JOIN AttentionTopic as b on a.topicId = b.topicId  WHERE ( userId = 2 )  [ RunTime:0.000817s ]
SQL: DESCRIBE ques [ RunTime:0.001569s ]
ERR: 1146:Table 'test.ques' doesn't exist
 [ SQL语句 ] : DESCRIBE ques
SQL: DESCRIBE question as a [ RunTime:0.000122s ]
ERR: 1064:You have an error in your SQL syntax; check the manual that corresponds to your MySQL server version for the right syntax to use near 'as a' at line 1
 [ SQL语句 ] : DESCRIBE question as a
SQL: SELECT * FROM question as a INNER JOIN Answer as b on a.id = b.quesId  WHERE ( a.topicId = 1 ) ORDER BY praiseNumb desc  [ RunTime:0.000615s ]
INFO: [ view_parse ] --START--
INFO: [ template_filter ] --START--
INFO: Run Behavior\ContentReplace [ RunTime:0.000090s ]
INFO: [ template_filter ] --END-- [ RunTime:0.000122s ]
INFO: Run Behavior\ParseTemplate [ RunTime:0.013457s ]
INFO: [ view_parse ] --END-- [ RunTime:0.013506s ]
INFO: [ view_filter ] --START--
INFO: Run Behavior\WriteHtmlCache [ RunTime:0.000093s ]
INFO: [ view_filter ] --END-- [ RunTime:0.000110s ]
INFO: [ app_end ] --START--
INFO: Run Behavior\ShowPageTrace [ RunTime:0.000551s ]
INFO: [ app_end ] --END-- [ RunTime:0.000579s ]

[ 2017-04-11T13:52:18+08:00 ] 127.0.0.1 /index.php/Topic/getansweruser?useridarr%5B%5D=3&useridarr%5B%5D=1
INFO: [ app_begin ] --START--
INFO: Run Behavior\ReadHtmlCache [ RunTime:0.000298s ]
INFO: [ app_begin ] --END-- [ RunTime:0.000532s ]
SQL: DESCRIBE user [ RunTime:0.004264s ]
SQL: SELECT `id`,`nickName`,`autograph` FROM `user` WHERE ( id = 3 )  [ RunTime:0.001759s ]
SQL: SELECT `id`,`nickName`,`autograph` FROM `user` WHERE ( id = 1 )  [ RunTime:0.001362s ]

[ 2017-04-11T13:52:21+08:00 ] 127.0.0.1 /index.php/Rcv/ispraise?is_praise=1&answer_id=5
INFO: [ app_begin ] --START--
INFO: Run Behavior\ReadHtmlCache [ RunTime:0.000290s ]
INFO: [ app_begin ] --END-- [ RunTime:0.000569s ]
SQL: DESCRIBE personoperat [ RunTime:0.003154s ]
ERR: 1146:Table 'test.personoperat' doesn't exist
 [ SQL语句 ] : DESCRIBE personoperat
SQL: DESCRIBE agreeoppose [ RunTime:0.002106s ]
SQL: INSERT INTO `agreeoppose` (`userId`,`answerId`,`agrOpp`) VALUES ('2','5',1) [ RunTime:0.002008s ]
SQL: DESCRIBE answer [ RunTime:0.002100s ]
NOTIC: [8] Undefined variable: Answer /Users/apple/Sites/tp/ThinkPHP/Application/Home/Model/PersonoperatModel.class.php 第 14 行.
ERR: Call to a member function where() on null

[ 2017-04-11T13:52:58+08:00 ] 127.0.0.1 /index.php/Topics/index
INFO: [ app_begin ] --START--
INFO: Run Behavior\ReadHtmlCache [ RunTime:0.000785s ]
INFO: [ app_begin ] --END-- [ RunTime:0.001429s ]
SQL: DESCRIBE topic [ RunTime:0.002863s ]
SQL: DESCRIBE topicclass [ RunTime:0.004083s ]
SQL: SELECT * FROM `topicclass`  [ RunTime:0.000280s ]
SQL: DESCRIBE user [ RunTime:0.002043s ]
SQL: SELECT * FROM `user` WHERE ( `id` = 2 ) LIMIT 1   [ RunTime:0.000368s ]
SQL: DESCRIBE topic [ RunTime:0.001843s ]
SQL: SELECT * FROM `topic` WHERE ( topicClassId = 1 )  [ RunTime:0.000299s ]
INFO: [ view_parse ] --START--
INFO: [ template_filter ] --START--
INFO: Run Behavior\ContentReplace [ RunTime:0.000102s ]
INFO: [ template_filter ] --END-- [ RunTime:0.000180s ]
INFO: Run Behavior\ParseTemplate [ RunTime:0.009705s ]
INFO: [ view_parse ] --END-- [ RunTime:0.009750s ]
INFO: [ view_filter ] --START--
INFO: Run Behavior\WriteHtmlCache [ RunTime:0.000093s ]
INFO: [ view_filter ] --END-- [ RunTime:0.000110s ]
INFO: [ app_end ] --START--
INFO: Run Behavior\ShowPageTrace [ RunTime:0.000449s ]
INFO: [ app_end ] --END-- [ RunTime:0.000478s ]

[ 2017-04-11T13:53:01+08:00 ] 127.0.0.1 /index.php/Topics/gettopic?id=5
INFO: [ app_begin ] --START--
INFO: Run Behavior\ReadHtmlCache [ RunTime:0.000507s ]
INFO: [ app_begin ] --END-- [ RunTime:0.000871s ]
SQL: DESCRIBE topic [ RunTime:0.003404s ]
SQL: DESCRIBE topic [ RunTime:0.002379s ]
SQL: SELECT * FROM `topic` WHERE ( topicClassId = 5 )  [ RunTime:0.000506s ]

[ 2017-04-11T13:53:02+08:00 ] 127.0.0.1 /index.php/Topics/attentopic?id=9
INFO: [ app_begin ] --START--
INFO: Run Behavior\ReadHtmlCache [ RunTime:0.000248s ]
INFO: [ app_begin ] --END-- [ RunTime:0.000419s ]
SQL: DESCRIBE attentiontopic [ RunTime:0.002902s ]
SQL: SELECT * FROM `attentiontopic` WHERE ( userId = 2 )  [ RunTime:0.000335s ]
SQL: INSERT INTO `attentiontopic` (`userId`,`topicId`,`createTime`) VALUES ('2','9','2017-04-11') [ RunTime:0.000577s ]
SQL: DESCRIBE user [ RunTime:0.001601s ]
SQL: UPDATE `user` SET `concernTopicNumb`=concernTopicNumb+1 WHERE ( id = 2 ) [ RunTime:0.002353s ]

[ 2017-04-11T13:53:06+08:00 ] 127.0.0.1 /index.php/Topics/index
INFO: [ app_begin ] --START--
INFO: Run Behavior\ReadHtmlCache [ RunTime:0.000216s ]
INFO: [ app_begin ] --END-- [ RunTime:0.000401s ]
SQL: DESCRIBE topic [ RunTime:0.003149s ]
SQL: DESCRIBE topicclass [ RunTime:0.001433s ]
SQL: SELECT * FROM `topicclass`  [ RunTime:0.000281s ]
SQL: DESCRIBE user [ RunTime:0.001662s ]
SQL: SELECT * FROM `user` WHERE ( `id` = 2 ) LIMIT 1   [ RunTime:0.000356s ]
SQL: DESCRIBE topic [ RunTime:0.001689s ]
SQL: SELECT * FROM `topic` WHERE ( topicClassId = 1 )  [ RunTime:0.000284s ]
INFO: [ view_parse ] --START--
INFO: [ template_filter ] --START--
INFO: Run Behavior\ContentReplace [ RunTime:0.000076s ]
INFO: [ template_filter ] --END-- [ RunTime:0.000106s ]
INFO: Run Behavior\ParseTemplate [ RunTime:0.008436s ]
INFO: [ view_parse ] --END-- [ RunTime:0.008485s ]
INFO: [ view_filter ] --START--
INFO: Run Behavior\WriteHtmlCache [ RunTime:0.000090s ]
INFO: [ view_filter ] --END-- [ RunTime:0.000107s ]
INFO: [ app_end ] --START--
INFO: Run Behavior\ShowPageTrace [ RunTime:0.000335s ]
INFO: [ app_end ] --END-- [ RunTime:0.000365s ]

[ 2017-04-11T13:54:24+08:00 ] 127.0.0.1 /index.php/Topic/index
INFO: [ app_begin ] --START--
INFO: Run Behavior\ReadHtmlCache [ RunTime:0.000442s ]
INFO: [ app_begin ] --END-- [ RunTime:0.000742s ]
SQL: DESCRIBE user [ RunTime:0.005481s ]
SQL: SELECT * FROM `user` WHERE ( `id` = 2 ) LIMIT 1   [ RunTime:0.000658s ]
SQL: DESCRIBE topic [ RunTime:0.003085s ]
SQL: DESCRIBE topic as a [ RunTime:0.002139s ]
ERR: 1064:You have an error in your SQL syntax; check the manual that corresponds to your MySQL server version for the right syntax to use near 'as a' at line 1
 [ SQL语句 ] : DESCRIBE topic as a
SQL: SELECT * FROM topic as a INNER JOIN AttentionTopic as b on a.topicId = b.topicId  WHERE ( userId = 2 )  [ RunTime:0.000542s ]
SQL: DESCRIBE ques [ RunTime:0.001541s ]
ERR: 1146:Table 'test.ques' doesn't exist
 [ SQL语句 ] : DESCRIBE ques
SQL: DESCRIBE question as a [ RunTime:0.000160s ]
ERR: 1064:You have an error in your SQL syntax; check the manual that corresponds to your MySQL server version for the right syntax to use near 'as a' at line 1
 [ SQL语句 ] : DESCRIBE question as a
SQL: SELECT * FROM question as a INNER JOIN Answer as b on a.id = b.quesId  WHERE ( a.topicId = 1 ) ORDER BY praiseNumb desc  [ RunTime:0.000379s ]
INFO: [ view_parse ] --START--
INFO: [ template_filter ] --START--
INFO: Run Behavior\ContentReplace [ RunTime:0.000093s ]
INFO: [ template_filter ] --END-- [ RunTime:0.000126s ]
INFO: Run Behavior\ParseTemplate [ RunTime:0.011906s ]
INFO: [ view_parse ] --END-- [ RunTime:0.011963s ]
INFO: [ view_filter ] --START--
INFO: Run Behavior\WriteHtmlCache [ RunTime:0.000116s ]
INFO: [ view_filter ] --END-- [ RunTime:0.000138s ]
INFO: [ app_end ] --START--
INFO: Run Behavior\ShowPageTrace [ RunTime:0.000353s ]
INFO: [ app_end ] --END-- [ RunTime:0.000386s ]

[ 2017-04-11T13:54:25+08:00 ] 127.0.0.1 /index.php/Topic/getansweruser?useridarr%5B%5D=3&useridarr%5B%5D=1
INFO: [ app_begin ] --START--
INFO: Run Behavior\ReadHtmlCache [ RunTime:0.000206s ]
INFO: [ app_begin ] --END-- [ RunTime:0.000372s ]
SQL: DESCRIBE user [ RunTime:0.003079s ]
SQL: SELECT `id`,`nickName`,`autograph` FROM `user` WHERE ( id = 3 )  [ RunTime:0.000570s ]
SQL: SELECT `id`,`nickName`,`autograph` FROM `user` WHERE ( id = 1 )  [ RunTime:0.000293s ]

[ 2017-04-11T13:54:27+08:00 ] 127.0.0.1 /index.php/Rcv/ispraise?is_praise=1&answer_id=5
INFO: [ app_begin ] --START--
INFO: Run Behavior\ReadHtmlCache [ RunTime:0.000310s ]
INFO: [ app_begin ] --END-- [ RunTime:0.000548s ]
SQL: DESCRIBE personoperat [ RunTime:0.002994s ]
ERR: 1146:Table 'test.personoperat' doesn't exist
 [ SQL语句 ] : DESCRIBE personoperat
SQL: DESCRIBE agreeoppose [ RunTime:0.001343s ]
SQL: INSERT INTO `agreeoppose` (`userId`,`answerId`,`agrOpp`) VALUES ('2','5',1) [ RunTime:0.000503s ]
SQL: DESCRIBE answer [ RunTime:0.002548s ]
INFO: [ app_end ] --START--
INFO: Run Behavior\ShowPageTrace [ RunTime:0.000535s ]
INFO: [ app_end ] --END-- [ RunTime:0.000594s ]

[ 2017-04-11T14:00:46+08:00 ] 127.0.0.1 /index.php/Topic/index
INFO: [ app_begin ] --START--
INFO: Run Behavior\ReadHtmlCache [ RunTime:0.000644s ]
INFO: [ app_begin ] --END-- [ RunTime:0.001180s ]
SQL: DESCRIBE user [ RunTime:0.003893s ]
SQL: SELECT * FROM `user` WHERE ( `id` = 2 ) LIMIT 1   [ RunTime:0.001815s ]
SQL: DESCRIBE topic [ RunTime:0.002473s ]
SQL: DESCRIBE topic as a [ RunTime:0.000190s ]
ERR: 1064:You have an error in your SQL syntax; check the manual that corresponds to your MySQL server version for the right syntax to use near 'as a' at line 1
 [ SQL语句 ] : DESCRIBE topic as a
SQL: SELECT * FROM topic as a INNER JOIN AttentionTopic as b on a.topicId = b.topicId  WHERE ( userId = 2 )  [ RunTime:0.001274s ]
SQL: DESCRIBE ques [ RunTime:0.007302s ]
ERR: 1146:Table 'test.ques' doesn't exist
 [ SQL语句 ] : DESCRIBE ques
SQL: DESCRIBE question as a [ RunTime:0.000250s ]
ERR: 1064:You have an error in your SQL syntax; check the manual that corresponds to your MySQL server version for the right syntax to use near 'as a' at line 1
 [ SQL语句 ] : DESCRIBE question as a
SQL: SELECT * FROM question as a INNER JOIN Answer as b on a.id = b.quesId  WHERE ( a.topicId = 1 ) ORDER BY praiseNumb desc  [ RunTime:0.000780s ]
INFO: [ view_parse ] --START--
INFO: [ template_filter ] --START--
INFO: Run Behavior\ContentReplace [ RunTime:0.000091s ]
INFO: [ template_filter ] --END-- [ RunTime:0.000128s ]
INFO: Run Behavior\ParseTemplate [ RunTime:0.014186s ]
INFO: [ view_parse ] --END-- [ RunTime:0.014235s ]
INFO: [ view_filter ] --START--
INFO: Run Behavior\WriteHtmlCache [ RunTime:0.000185s ]
INFO: [ view_filter ] --END-- [ RunTime:0.000213s ]
INFO: [ app_end ] --START--
INFO: Run Behavior\ShowPageTrace [ RunTime:0.000477s ]
INFO: [ app_end ] --END-- [ RunTime:0.000557s ]

[ 2017-04-11T14:00:47+08:00 ] 127.0.0.1 /index.php/Topic/getansweruser?useridarr%5B%5D=3&useridarr%5B%5D=1
INFO: [ app_begin ] --START--
INFO: Run Behavior\ReadHtmlCache [ RunTime:0.000311s ]
INFO: [ app_begin ] --END-- [ RunTime:0.000539s ]
SQL: DESCRIBE user [ RunTime:0.010805s ]
SQL: SELECT `id`,`nickName`,`autograph` FROM `user` WHERE ( id = 3 )  [ RunTime:0.005043s ]
SQL: SELECT `id`,`nickName`,`autograph` FROM `user` WHERE ( id = 1 )  [ RunTime:0.000854s ]

[ 2017-04-11T14:00:49+08:00 ] 127.0.0.1 /index.php/Rcv/ispraise?is_praise=1&answer_id=5
INFO: [ app_begin ] --START--
INFO: Run Behavior\ReadHtmlCache [ RunTime:0.000267s ]
INFO: [ app_begin ] --END-- [ RunTime:0.000588s ]
SQL: DESCRIBE personoperat [ RunTime:0.002890s ]
ERR: 1146:Table 'test.personoperat' doesn't exist
 [ SQL语句 ] : DESCRIBE personoperat
SQL: DESCRIBE agreeoppose [ RunTime:0.001752s ]
SQL: INSERT INTO `agreeoppose` (`userId`,`answerId`,`agrOpp`) VALUES ('2','5',1) [ RunTime:0.001881s ]
SQL: DESCRIBE answer [ RunTime:0.002266s ]
NOTIC: [8] Undefined variable: Answer /Users/apple/Sites/tp/ThinkPHP/Application/Home/Controller/RcvController.class.php 第 82 行.
ERR: Call to a member function where() on null

[ 2017-04-11T14:01:23+08:00 ] 127.0.0.1 /index.php/Topic/index
INFO: [ app_begin ] --START--
INFO: Run Behavior\ReadHtmlCache [ RunTime:0.000438s ]
INFO: [ app_begin ] --END-- [ RunTime:0.000771s ]
SQL: DESCRIBE user [ RunTime:0.003333s ]
SQL: SELECT * FROM `user` WHERE ( `id` = 2 ) LIMIT 1   [ RunTime:0.000676s ]
SQL: DESCRIBE topic [ RunTime:0.001559s ]
SQL: DESCRIBE topic as a [ RunTime:0.000155s ]
ERR: 1064:You have an error in your SQL syntax; check the manual that corresponds to your MySQL server version for the right syntax to use near 'as a' at line 1
 [ SQL语句 ] : DESCRIBE topic as a
SQL: SELECT * FROM topic as a INNER JOIN AttentionTopic as b on a.topicId = b.topicId  WHERE ( userId = 2 )  [ RunTime:0.000401s ]
SQL: DESCRIBE ques [ RunTime:0.002059s ]
ERR: 1146:Table 'test.ques' doesn't exist
 [ SQL语句 ] : DESCRIBE ques
SQL: DESCRIBE question as a [ RunTime:0.004354s ]
ERR: 1064:You have an error in your SQL syntax; check the manual that corresponds to your MySQL server version for the right syntax to use near 'as a' at line 1
 [ SQL语句 ] : DESCRIBE question as a
SQL: SELECT * FROM question as a INNER JOIN Answer as b on a.id = b.quesId  WHERE ( a.topicId = 1 ) ORDER BY praiseNumb desc  [ RunTime:0.000694s ]
INFO: [ view_parse ] --START--
INFO: [ template_filter ] --START--
INFO: Run Behavior\ContentReplace [ RunTime:0.000108s ]
INFO: [ template_filter ] --END-- [ RunTime:0.000155s ]
INFO: Run Behavior\ParseTemplate [ RunTime:0.012383s ]
INFO: [ view_parse ] --END-- [ RunTime:0.012435s ]
INFO: [ view_filter ] --START--
INFO: Run Behavior\WriteHtmlCache [ RunTime:0.000151s ]
INFO: [ view_filter ] --END-- [ RunTime:0.000178s ]
INFO: [ app_end ] --START--
INFO: Run Behavior\ShowPageTrace [ RunTime:0.000467s ]
INFO: [ app_end ] --END-- [ RunTime:0.000502s ]

[ 2017-04-11T14:01:23+08:00 ] 127.0.0.1 /index.php/Topic/getansweruser?useridarr%5B%5D=3&useridarr%5B%5D=1
INFO: [ app_begin ] --START--
INFO: Run Behavior\ReadHtmlCache [ RunTime:0.000328s ]
INFO: [ app_begin ] --END-- [ RunTime:0.000629s ]
SQL: DESCRIBE user [ RunTime:0.004320s ]
SQL: SELECT `id`,`nickName`,`autograph` FROM `user` WHERE ( id = 3 )  [ RunTime:0.000851s ]
SQL: SELECT `id`,`nickName`,`autograph` FROM `user` WHERE ( id = 1 )  [ RunTime:0.006643s ]

[ 2017-04-11T14:01:25+08:00 ] 127.0.0.1 /index.php/Rcv/ispraise?is_praise=1&answer_id=5
INFO: [ app_begin ] --START--
INFO: Run Behavior\ReadHtmlCache [ RunTime:0.000229s ]
INFO: [ app_begin ] --END-- [ RunTime:0.000413s ]
SQL: DESCRIBE personoperat [ RunTime:0.001902s ]
ERR: 1146:Table 'test.personoperat' doesn't exist
 [ SQL语句 ] : DESCRIBE personoperat
SQL: DESCRIBE agreeoppose [ RunTime:0.002610s ]
SQL: INSERT INTO `agreeoppose` (`userId`,`answerId`,`agrOpp`) VALUES ('2','5',1) [ RunTime:0.000604s ]
SQL: DESCRIBE answer [ RunTime:0.003298s ]
NOTIC: [8] Undefined variable: Answer /Users/apple/Sites/tp/ThinkPHP/Application/Home/Controller/RcvController.class.php 第 82 行.
ERR: Call to a member function where() on null

[ 2017-04-11T14:02:46+08:00 ] 127.0.0.1 /index.php/Topic/index
INFO: [ app_begin ] --START--
INFO: Run Behavior\ReadHtmlCache [ RunTime:0.000472s ]
INFO: [ app_begin ] --END-- [ RunTime:0.000870s ]
SQL: DESCRIBE user [ RunTime:0.002996s ]
SQL: SELECT * FROM `user` WHERE ( `id` = 2 ) LIMIT 1   [ RunTime:0.000456s ]
SQL: DESCRIBE topic [ RunTime:0.002212s ]
SQL: DESCRIBE topic as a [ RunTime:0.000857s ]
ERR: 1064:You have an error in your SQL syntax; check the manual that corresponds to your MySQL server version for the right syntax to use near 'as a' at line 1
 [ SQL语句 ] : DESCRIBE topic as a
SQL: SELECT * FROM topic as a INNER JOIN AttentionTopic as b on a.topicId = b.topicId  WHERE ( userId = 2 )  [ RunTime:0.000549s ]
SQL: DESCRIBE ques [ RunTime:0.001563s ]
ERR: 1146:Table 'test.ques' doesn't exist
 [ SQL语句 ] : DESCRIBE ques
SQL: DESCRIBE question as a [ RunTime:0.000142s ]
ERR: 1064:You have an error in your SQL syntax; check the manual that corresponds to your MySQL server version for the right syntax to use near 'as a' at line 1
 [ SQL语句 ] : DESCRIBE question as a
SQL: SELECT * FROM question as a INNER JOIN Answer as b on a.id = b.quesId  WHERE ( a.topicId = 1 ) ORDER BY praiseNumb desc  [ RunTime:0.000683s ]
INFO: [ view_parse ] --START--
INFO: [ template_filter ] --START--
INFO: Run Behavior\ContentReplace [ RunTime:0.000090s ]
INFO: [ template_filter ] --END-- [ RunTime:0.000123s ]
INFO: Run Behavior\ParseTemplate [ RunTime:0.013053s ]
INFO: [ view_parse ] --END-- [ RunTime:0.013144s ]
INFO: [ view_filter ] --START--
INFO: Run Behavior\WriteHtmlCache [ RunTime:0.000112s ]
INFO: [ view_filter ] --END-- [ RunTime:0.000131s ]
INFO: [ app_end ] --START--
INFO: Run Behavior\ShowPageTrace [ RunTime:0.000469s ]
INFO: [ app_end ] --END-- [ RunTime:0.000530s ]

[ 2017-04-11T14:02:46+08:00 ] 127.0.0.1 /index.php/Topic/getansweruser?useridarr%5B%5D=3&useridarr%5B%5D=1
INFO: [ app_begin ] --START--
INFO: Run Behavior\ReadHtmlCache [ RunTime:0.000301s ]
INFO: [ app_begin ] --END-- [ RunTime:0.004449s ]
SQL: DESCRIBE user [ RunTime:0.012703s ]
SQL: SELECT `id`,`nickName`,`autograph` FROM `user` WHERE ( id = 3 )  [ RunTime:0.000548s ]
SQL: SELECT `id`,`nickName`,`autograph` FROM `user` WHERE ( id = 1 )  [ RunTime:0.000281s ]

[ 2017-04-11T14:02:51+08:00 ] 127.0.0.1 /index.php/Topics/index
INFO: [ app_begin ] --START--
INFO: Run Behavior\ReadHtmlCache [ RunTime:0.000218s ]
INFO: [ app_begin ] --END-- [ RunTime:0.000388s ]
SQL: DESCRIBE topic [ RunTime:0.002080s ]
SQL: DESCRIBE topicclass [ RunTime:0.001506s ]
SQL: SELECT * FROM `topicclass`  [ RunTime:0.000290s ]
SQL: DESCRIBE user [ RunTime:0.001401s ]
SQL: SELECT * FROM `user` WHERE ( `id` = 2 ) LIMIT 1   [ RunTime:0.000273s ]
SQL: DESCRIBE topic [ RunTime:0.001282s ]
SQL: SELECT * FROM `topic` WHERE ( topicClassId = 1 )  [ RunTime:0.000270s ]
INFO: [ view_parse ] --START--
INFO: [ template_filter ] --START--
INFO: Run Behavior\ContentReplace [ RunTime:0.000073s ]
INFO: [ template_filter ] --END-- [ RunTime:0.000111s ]
INFO: Run Behavior\ParseTemplate [ RunTime:0.007324s ]
INFO: [ view_parse ] --END-- [ RunTime:0.007351s ]
INFO: [ view_filter ] --START--
INFO: Run Behavior\WriteHtmlCache [ RunTime:0.000089s ]
INFO: [ view_filter ] --END-- [ RunTime:0.000105s ]
INFO: [ app_end ] --START--
INFO: Run Behavior\ShowPageTrace [ RunTime:0.000433s ]
INFO: [ app_end ] --END-- [ RunTime:0.000471s ]

[ 2017-04-11T14:02:52+08:00 ] 127.0.0.1 /index.php/Topics/attentopic?id=2
INFO: [ app_begin ] --START--
INFO: Run Behavior\ReadHtmlCache [ RunTime:0.000258s ]
INFO: [ app_begin ] --END-- [ RunTime:0.000590s ]
SQL: DESCRIBE attentiontopic [ RunTime:0.003240s ]
SQL: SELECT * FROM `attentiontopic` WHERE ( userId = 2 )  [ RunTime:0.000213s ]
SQL: INSERT INTO `attentiontopic` (`userId`,`topicId`,`createTime`) VALUES ('2','2','2017-04-11') [ RunTime:0.000509s ]
SQL: DESCRIBE user [ RunTime:0.001449s ]
SQL: UPDATE `user` SET `concernTopicNumb`=concernTopicNumb+1 WHERE ( id = 2 ) [ RunTime:0.000333s ]

[ 2017-04-11T14:02:58+08:00 ] 127.0.0.1 /index.php/Topics/index
INFO: [ app_begin ] --START--
INFO: Run Behavior\ReadHtmlCache [ RunTime:0.000354s ]
INFO: [ app_begin ] --END-- [ RunTime:0.000564s ]
SQL: DESCRIBE topic [ RunTime:0.003778s ]
SQL: DESCRIBE topicclass [ RunTime:0.001778s ]
SQL: SELECT * FROM `topicclass`  [ RunTime:0.000288s ]
SQL: DESCRIBE user [ RunTime:0.001741s ]
SQL: SELECT * FROM `user` WHERE ( `id` = 2 ) LIMIT 1   [ RunTime:0.000264s ]
SQL: DESCRIBE topic [ RunTime:0.001463s ]
SQL: SELECT * FROM `topic` WHERE ( topicClassId = 1 )  [ RunTime:0.000267s ]
INFO: [ view_parse ] --START--
INFO: [ template_filter ] --START--
INFO: Run Behavior\ContentReplace [ RunTime:0.000071s ]
INFO: [ template_filter ] --END-- [ RunTime:0.000097s ]
INFO: Run Behavior\ParseTemplate [ RunTime:0.005285s ]
INFO: [ view_parse ] --END-- [ RunTime:0.005308s ]
INFO: [ view_filter ] --START--
INFO: Run Behavior\WriteHtmlCache [ RunTime:0.000079s ]
INFO: [ view_filter ] --END-- [ RunTime:0.000096s ]
INFO: [ app_end ] --START--
INFO: Run Behavior\ShowPageTrace [ RunTime:0.000302s ]
INFO: [ app_end ] --END-- [ RunTime:0.000330s ]

[ 2017-04-11T14:02:59+08:00 ] 127.0.0.1 /index.php/Topics/index
INFO: [ app_begin ] --START--
INFO: Run Behavior\ReadHtmlCache [ RunTime:0.000785s ]
INFO: [ app_begin ] --END-- [ RunTime:0.001186s ]
SQL: DESCRIBE topic [ RunTime:0.003237s ]
SQL: DESCRIBE topicclass [ RunTime:0.001697s ]
SQL: SELECT * FROM `topicclass`  [ RunTime:0.000281s ]
SQL: DESCRIBE user [ RunTime:0.002038s ]
SQL: SELECT * FROM `user` WHERE ( `id` = 2 ) LIMIT 1   [ RunTime:0.000358s ]
SQL: DESCRIBE topic [ RunTime:0.001558s ]
SQL: SELECT * FROM `topic` WHERE ( topicClassId = 1 )  [ RunTime:0.000305s ]
INFO: [ view_parse ] --START--
INFO: [ template_filter ] --START--
INFO: Run Behavior\ContentReplace [ RunTime:0.000074s ]
INFO: [ template_filter ] --END-- [ RunTime:0.000102s ]
INFO: Run Behavior\ParseTemplate [ RunTime:0.005181s ]
INFO: [ view_parse ] --END-- [ RunTime:0.005206s ]
INFO: [ view_filter ] --START--
INFO: Run Behavior\WriteHtmlCache [ RunTime:0.000079s ]
INFO: [ view_filter ] --END-- [ RunTime:0.000098s ]
INFO: [ app_end ] --START--
INFO: Run Behavior\ShowPageTrace [ RunTime:0.000306s ]
INFO: [ app_end ] --END-- [ RunTime:0.000329s ]

[ 2017-04-11T14:03:00+08:00 ] 127.0.0.1 /index.php/Topics/index
INFO: [ app_begin ] --START--
INFO: Run Behavior\ReadHtmlCache [ RunTime:0.000286s ]
INFO: [ app_begin ] --END-- [ RunTime:0.000473s ]
SQL: DESCRIBE topic [ RunTime:0.002844s ]
SQL: DESCRIBE topicclass [ RunTime:0.001414s ]
SQL: SELECT * FROM `topicclass`  [ RunTime:0.000270s ]
SQL: DESCRIBE user [ RunTime:0.001414s ]
SQL: SELECT * FROM `user` WHERE ( `id` = 2 ) LIMIT 1   [ RunTime:0.000267s ]
SQL: DESCRIBE topic [ RunTime:0.001467s ]
SQL: SELECT * FROM `topic` WHERE ( topicClassId = 1 )  [ RunTime:0.000266s ]
INFO: [ view_parse ] --START--
INFO: [ template_filter ] --START--
INFO: Run Behavior\ContentReplace [ RunTime:0.000074s ]
INFO: [ template_filter ] --END-- [ RunTime:0.000104s ]
INFO: Run Behavior\ParseTemplate [ RunTime:0.005279s ]
INFO: [ view_parse ] --END-- [ RunTime:0.005304s ]
INFO: [ view_filter ] --START--
INFO: Run Behavior\WriteHtmlCache [ RunTime:0.000094s ]
INFO: [ view_filter ] --END-- [ RunTime:0.000112s ]
INFO: [ app_end ] --START--
INFO: Run Behavior\ShowPageTrace [ RunTime:0.000362s ]
INFO: [ app_end ] --END-- [ RunTime:0.000391s ]

[ 2017-04-11T14:03:01+08:00 ] 127.0.0.1 /index.php/Topic/index
INFO: [ app_begin ] --START--
INFO: Run Behavior\ReadHtmlCache [ RunTime:0.000278s ]
INFO: [ app_begin ] --END-- [ RunTime:0.000468s ]
SQL: DESCRIBE user [ RunTime:0.006009s ]
SQL: SELECT * FROM `user` WHERE ( `id` = 2 ) LIMIT 1   [ RunTime:0.001062s ]
SQL: DESCRIBE topic [ RunTime:0.006334s ]
SQL: DESCRIBE topic as a [ RunTime:0.000607s ]
ERR: 1064:You have an error in your SQL syntax; check the manual that corresponds to your MySQL server version for the right syntax to use near 'as a' at line 1
 [ SQL语句 ] : DESCRIBE topic as a
SQL: SELECT * FROM topic as a INNER JOIN AttentionTopic as b on a.topicId = b.topicId  WHERE ( userId = 2 )  [ RunTime:0.000931s ]
SQL: DESCRIBE ques [ RunTime:0.001747s ]
ERR: 1146:Table 'test.ques' doesn't exist
 [ SQL语句 ] : DESCRIBE ques
SQL: DESCRIBE question as a [ RunTime:0.000300s ]
ERR: 1064:You have an error in your SQL syntax; check the manual that corresponds to your MySQL server version for the right syntax to use near 'as a' at line 1
 [ SQL语句 ] : DESCRIBE question as a
SQL: SELECT * FROM question as a INNER JOIN Answer as b on a.id = b.quesId  WHERE ( a.topicId = 1 ) ORDER BY praiseNumb desc  [ RunTime:0.000513s ]
INFO: [ view_parse ] --START--
INFO: [ template_filter ] --START--
INFO: Run Behavior\ContentReplace [ RunTime:0.000099s ]
INFO: [ template_filter ] --END-- [ RunTime:0.000151s ]
INFO: Run Behavior\ParseTemplate [ RunTime:0.007925s ]
INFO: [ view_parse ] --END-- [ RunTime:0.007964s ]
INFO: [ view_filter ] --START--
INFO: Run Behavior\WriteHtmlCache [ RunTime:0.000215s ]
INFO: [ view_filter ] --END-- [ RunTime:0.000241s ]
INFO: [ app_end ] --START--
INFO: Run Behavior\ShowPageTrace [ RunTime:0.000428s ]
INFO: [ app_end ] --END-- [ RunTime:0.000462s ]

[ 2017-04-11T14:03:01+08:00 ] 127.0.0.1 /index.php/Topic/getansweruser?useridarr%5B%5D=3&useridarr%5B%5D=1
INFO: [ app_begin ] --START--
INFO: Run Behavior\ReadHtmlCache [ RunTime:0.000286s ]
INFO: [ app_begin ] --END-- [ RunTime:0.000507s ]
SQL: DESCRIBE user [ RunTime:0.005916s ]
SQL: SELECT `id`,`nickName`,`autograph` FROM `user` WHERE ( id = 3 )  [ RunTime:0.000676s ]
SQL: SELECT `id`,`nickName`,`autograph` FROM `user` WHERE ( id = 1 )  [ RunTime:0.000521s ]

[ 2017-04-11T14:03:11+08:00 ] 127.0.0.1 /index.php/Topic/index
INFO: [ app_begin ] --START--
INFO: Run Behavior\ReadHtmlCache [ RunTime:0.000419s ]
INFO: [ app_begin ] --END-- [ RunTime:0.000680s ]
SQL: DESCRIBE user [ RunTime:0.004088s ]
SQL: SELECT * FROM `user` WHERE ( `id` = 2 ) LIMIT 1   [ RunTime:0.000521s ]
SQL: DESCRIBE topic [ RunTime:0.002654s ]
SQL: DESCRIBE topic as a [ RunTime:0.000218s ]
ERR: 1064:You have an error in your SQL syntax; check the manual that corresponds to your MySQL server version for the right syntax to use near 'as a' at line 1
 [ SQL语句 ] : DESCRIBE topic as a
SQL: SELECT * FROM topic as a INNER JOIN AttentionTopic as b on a.topicId = b.topicId  WHERE ( userId = 2 )  [ RunTime:0.000432s ]
SQL: DESCRIBE ques [ RunTime:0.004280s ]
ERR: 1146:Table 'test.ques' doesn't exist
 [ SQL语句 ] : DESCRIBE ques
SQL: DESCRIBE question as a [ RunTime:0.000335s ]
ERR: 1064:You have an error in your SQL syntax; check the manual that corresponds to your MySQL server version for the right syntax to use near 'as a' at line 1
 [ SQL语句 ] : DESCRIBE question as a
SQL: SELECT * FROM question as a INNER JOIN Answer as b on a.id = b.quesId  WHERE ( a.topicId = 1 ) ORDER BY praiseNumb desc  [ RunTime:0.001976s ]
INFO: [ view_parse ] --START--
INFO: [ template_filter ] --START--
INFO: Run Behavior\ContentReplace [ RunTime:0.000099s ]
INFO: [ template_filter ] --END-- [ RunTime:0.000142s ]
INFO: Run Behavior\ParseTemplate [ RunTime:0.009282s ]
INFO: [ view_parse ] --END-- [ RunTime:0.009446s ]
INFO: [ view_filter ] --START--
INFO: Run Behavior\WriteHtmlCache [ RunTime:0.000249s ]
INFO: [ view_filter ] --END-- [ RunTime:0.000284s ]
INFO: [ app_end ] --START--
INFO: Run Behavior\ShowPageTrace [ RunTime:0.000500s ]
INFO: [ app_end ] --END-- [ RunTime:0.000544s ]

[ 2017-04-11T14:03:11+08:00 ] 127.0.0.1 /index.php/Topic/getansweruser?useridarr%5B%5D=3&useridarr%5B%5D=1
INFO: [ app_begin ] --START--
INFO: Run Behavior\ReadHtmlCache [ RunTime:0.000408s ]
INFO: [ app_begin ] --END-- [ RunTime:0.000641s ]
SQL: DESCRIBE user [ RunTime:0.003599s ]
SQL: SELECT `id`,`nickName`,`autograph` FROM `user` WHERE ( id = 3 )  [ RunTime:0.004316s ]
SQL: SELECT `id`,`nickName`,`autograph` FROM `user` WHERE ( id = 1 )  [ RunTime:0.001122s ]

[ 2017-04-11T14:07:07+08:00 ] 127.0.0.1 /index.php/Topic/index
INFO: [ app_begin ] --START--
INFO: Run Behavior\ReadHtmlCache [ RunTime:0.000353s ]
INFO: [ app_begin ] --END-- [ RunTime:0.000655s ]
SQL: DESCRIBE user [ RunTime:0.002026s ]
SQL: SELECT * FROM `user` WHERE ( `id` = 2 ) LIMIT 1   [ RunTime:0.000486s ]
SQL: DESCRIBE topic [ RunTime:0.002469s ]
SQL: DESCRIBE topic as a [ RunTime:0.000211s ]
ERR: 1064:You have an error in your SQL syntax; check the manual that corresponds to your MySQL server version for the right syntax to use near 'as a' at line 1
 [ SQL语句 ] : DESCRIBE topic as a
SQL: SELECT * FROM topic as a INNER JOIN AttentionTopic as b on a.topicId = b.topicId  WHERE ( userId = 2 )  [ RunTime:0.000601s ]
SQL: DESCRIBE ques [ RunTime:0.002479s ]
ERR: 1146:Table 'test.ques' doesn't exist
 [ SQL语句 ] : DESCRIBE ques
SQL: DESCRIBE question as a [ RunTime:0.000135s ]
ERR: 1064:You have an error in your SQL syntax; check the manual that corresponds to your MySQL server version for the right syntax to use near 'as a' at line 1
 [ SQL语句 ] : DESCRIBE question as a
SQL: SELECT * FROM question as a INNER JOIN Answer as b on a.id = b.quesId  WHERE ( a.topicId = 1 ) ORDER BY praiseNumb desc  [ RunTime:0.001273s ]
INFO: [ view_parse ] --START--
INFO: [ template_filter ] --START--
INFO: Run Behavior\ContentReplace [ RunTime:0.000100s ]
INFO: [ template_filter ] --END-- [ RunTime:0.000144s ]
INFO: Run Behavior\ParseTemplate [ RunTime:0.009538s ]
INFO: [ view_parse ] --END-- [ RunTime:0.009600s ]
INFO: [ view_filter ] --START--
INFO: Run Behavior\WriteHtmlCache [ RunTime:0.000220s ]
INFO: [ view_filter ] --END-- [ RunTime:0.000248s ]
INFO: [ app_end ] --START--
INFO: Run Behavior\ShowPageTrace [ RunTime:0.000499s ]
INFO: [ app_end ] --END-- [ RunTime:0.000558s ]

[ 2017-04-11T14:07:08+08:00 ] 127.0.0.1 /index.php/Topic/getansweruser?useridarr%5B%5D=3&useridarr%5B%5D=1
INFO: [ app_begin ] --START--
INFO: Run Behavior\ReadHtmlCache [ RunTime:0.000303s ]
INFO: [ app_begin ] --END-- [ RunTime:0.000536s ]
SQL: DESCRIBE user [ RunTime:0.004089s ]
SQL: SELECT `id`,`nickName`,`autograph` FROM `user` WHERE ( id = 3 )  [ RunTime:0.001568s ]
SQL: SELECT `id`,`nickName`,`autograph` FROM `user` WHERE ( id = 1 )  [ RunTime:0.001621s ]

[ 2017-04-11T14:07:10+08:00 ] 127.0.0.1 /index.php/Rcv/ispraise?is_praise=1&answer_id=5
INFO: [ app_begin ] --START--
INFO: Run Behavior\ReadHtmlCache [ RunTime:0.000861s ]
INFO: [ app_begin ] --END-- [ RunTime:0.001125s ]
SQL: DESCRIBE personoperat [ RunTime:0.003593s ]
ERR: 1146:Table 'test.personoperat' doesn't exist
 [ SQL语句 ] : DESCRIBE personoperat
SQL: DESCRIBE answer [ RunTime:0.002300s ]
NOTIC: [8] Undefined variable: answer /Users/apple/Sites/tp/ThinkPHP/Application/Home/Controller/RcvController.class.php 第 82 行.
ERR: Call to a member function where() on null

[ 2017-04-11T14:08:34+08:00 ] 127.0.0.1 /index.php/Topic/index
INFO: [ app_begin ] --START--
INFO: Run Behavior\ReadHtmlCache [ RunTime:0.000232s ]
INFO: [ app_begin ] --END-- [ RunTime:0.000416s ]
SQL: DESCRIBE user [ RunTime:0.002993s ]
SQL: SELECT * FROM `user` WHERE ( `id` = 2 ) LIMIT 1   [ RunTime:0.000362s ]
SQL: DESCRIBE topic [ RunTime:0.002029s ]
SQL: DESCRIBE topic as a [ RunTime:0.000161s ]
ERR: 1064:You have an error in your SQL syntax; check the manual that corresponds to your MySQL server version for the right syntax to use near 'as a' at line 1
 [ SQL语句 ] : DESCRIBE topic as a
SQL: SELECT * FROM topic as a INNER JOIN AttentionTopic as b on a.topicId = b.topicId  WHERE ( userId = 2 )  [ RunTime:0.000380s ]
SQL: DESCRIBE ques [ RunTime:0.002536s ]
ERR: 1146:Table 'test.ques' doesn't exist
 [ SQL语句 ] : DESCRIBE ques
SQL: DESCRIBE question as a [ RunTime:0.000153s ]
ERR: 1064:You have an error in your SQL syntax; check the manual that corresponds to your MySQL server version for the right syntax to use near 'as a' at line 1
 [ SQL语句 ] : DESCRIBE question as a
SQL: SELECT * FROM question as a INNER JOIN Answer as b on a.id = b.quesId  WHERE ( a.topicId = 1 ) ORDER BY praiseNumb desc  [ RunTime:0.000462s ]
INFO: [ view_parse ] --START--
INFO: [ template_filter ] --START--
INFO: Run Behavior\ContentReplace [ RunTime:0.000098s ]
INFO: [ template_filter ] --END-- [ RunTime:0.000147s ]
INFO: Run Behavior\ParseTemplate [ RunTime:0.008819s ]
INFO: [ view_parse ] --END-- [ RunTime:0.008854s ]
INFO: [ view_filter ] --START--
INFO: Run Behavior\WriteHtmlCache [ RunTime:0.000128s ]
INFO: [ view_filter ] --END-- [ RunTime:0.000147s ]
INFO: [ app_end ] --START--
INFO: Run Behavior\ShowPageTrace [ RunTime:0.000524s ]
INFO: [ app_end ] --END-- [ RunTime:0.000583s ]

[ 2017-04-11T14:08:34+08:00 ] 127.0.0.1 /index.php/Topic/getansweruser?useridarr%5B%5D=3&useridarr%5B%5D=1
INFO: [ app_begin ] --START--
INFO: Run Behavior\ReadHtmlCache [ RunTime:0.000315s ]
INFO: [ app_begin ] --END-- [ RunTime:0.000553s ]
SQL: DESCRIBE user [ RunTime:0.002319s ]
SQL: SELECT `id`,`nickName`,`autograph` FROM `user` WHERE ( id = 3 )  [ RunTime:0.000352s ]
SQL: SELECT `id`,`nickName`,`autograph` FROM `user` WHERE ( id = 1 )  [ RunTime:0.000341s ]

[ 2017-04-11T14:08:36+08:00 ] 127.0.0.1 /index.php/Rcv/ispraise?is_praise=1&answer_id=5
INFO: [ app_begin ] --START--
INFO: Run Behavior\ReadHtmlCache [ RunTime:0.000298s ]
INFO: [ app_begin ] --END-- [ RunTime:0.000579s ]
SQL: DESCRIBE personoperat [ RunTime:0.003131s ]
ERR: 1146:Table 'test.personoperat' doesn't exist
 [ SQL语句 ] : DESCRIBE personoperat
SQL: DESCRIBE answer [ RunTime:0.003124s ]
NOTIC: [8] Undefined variable: answer /Users/apple/Sites/tp/ThinkPHP/Application/Home/Controller/RcvController.class.php 第 82 行.
ERR: Call to a member function where() on null

[ 2017-04-11T14:14:46+08:00 ] 127.0.0.1 /index.php/Topic/index
INFO: [ app_begin ] --START--
INFO: Run Behavior\ReadHtmlCache [ RunTime:0.000395s ]
INFO: [ app_begin ] --END-- [ RunTime:0.000799s ]
SQL: DESCRIBE user [ RunTime:0.004950s ]
SQL: SELECT * FROM `user` WHERE ( `id` = 2 ) LIMIT 1   [ RunTime:0.001143s ]
SQL: DESCRIBE topic [ RunTime:0.001473s ]
SQL: DESCRIBE topic as a [ RunTime:0.000144s ]
ERR: 1064:You have an error in your SQL syntax; check the manual that corresponds to your MySQL server version for the right syntax to use near 'as a' at line 1
 [ SQL语句 ] : DESCRIBE topic as a
SQL: SELECT * FROM topic as a INNER JOIN AttentionTopic as b on a.topicId = b.topicId  WHERE ( userId = 2 )  [ RunTime:0.000358s ]
SQL: DESCRIBE ques [ RunTime:0.001828s ]
ERR: 1146:Table 'test.ques' doesn't exist
 [ SQL语句 ] : DESCRIBE ques
SQL: DESCRIBE question as a [ RunTime:0.000209s ]
ERR: 1064:You have an error in your SQL syntax; check the manual that corresponds to your MySQL server version for the right syntax to use near 'as a' at line 1
 [ SQL语句 ] : DESCRIBE question as a
SQL: SELECT * FROM question as a INNER JOIN Answer as b on a.id = b.quesId  WHERE ( a.topicId = 1 ) ORDER BY praiseNumb desc  [ RunTime:0.000471s ]
INFO: [ view_parse ] --START--
INFO: [ template_filter ] --START--
INFO: Run Behavior\ContentReplace [ RunTime:0.000095s ]
INFO: [ template_filter ] --END-- [ RunTime:0.000138s ]
INFO: Run Behavior\ParseTemplate [ RunTime:0.008290s ]
INFO: [ view_parse ] --END-- [ RunTime:0.008332s ]
INFO: [ view_filter ] --START--
INFO: Run Behavior\WriteHtmlCache [ RunTime:0.000180s ]
INFO: [ view_filter ] --END-- [ RunTime:0.000206s ]
INFO: [ app_end ] --START--
INFO: Run Behavior\ShowPageTrace [ RunTime:0.003006s ]
INFO: [ app_end ] --END-- [ RunTime:0.003059s ]

[ 2017-04-11T14:14:46+08:00 ] 127.0.0.1 /index.php/Topic/getansweruser?useridarr%5B%5D=3&useridarr%5B%5D=1
INFO: [ app_begin ] --START--
INFO: Run Behavior\ReadHtmlCache [ RunTime:0.000303s ]
INFO: [ app_begin ] --END-- [ RunTime:0.000536s ]
SQL: DESCRIBE user [ RunTime:0.003599s ]
SQL: SELECT `id`,`nickName`,`autograph` FROM `user` WHERE ( id = 3 )  [ RunTime:0.000482s ]
SQL: SELECT `id`,`nickName`,`autograph` FROM `user` WHERE ( id = 1 )  [ RunTime:0.002301s ]

[ 2017-04-11T14:14:59+08:00 ] 127.0.0.1 /index.php/Topic/index
INFO: [ app_begin ] --START--
INFO: Run Behavior\ReadHtmlCache [ RunTime:0.000368s ]
INFO: [ app_begin ] --END-- [ RunTime:0.000654s ]
SQL: DESCRIBE user [ RunTime:0.004335s ]
SQL: SELECT * FROM `user` WHERE ( `id` = 2 ) LIMIT 1   [ RunTime:0.000461s ]
SQL: DESCRIBE topic [ RunTime:0.001881s ]
SQL: DESCRIBE topic as a [ RunTime:0.000158s ]
ERR: 1064:You have an error in your SQL syntax; check the manual that corresponds to your MySQL server version for the right syntax to use near 'as a' at line 1
 [ SQL语句 ] : DESCRIBE topic as a
SQL: SELECT * FROM topic as a INNER JOIN AttentionTopic as b on a.topicId = b.topicId  WHERE ( userId = 2 )  [ RunTime:0.000412s ]
SQL: DESCRIBE ques [ RunTime:0.002207s ]
ERR: 1146:Table 'test.ques' doesn't exist
 [ SQL语句 ] : DESCRIBE ques
SQL: DESCRIBE question as a [ RunTime:0.000143s ]
ERR: 1064:You have an error in your SQL syntax; check the manual that corresponds to your MySQL server version for the right syntax to use near 'as a' at line 1
 [ SQL语句 ] : DESCRIBE question as a
SQL: SELECT * FROM question as a INNER JOIN Answer as b on a.id = b.quesId  WHERE ( a.topicId = 1 ) ORDER BY praiseNumb desc  [ RunTime:0.000668s ]
INFO: [ view_parse ] --START--
INFO: [ template_filter ] --START--
INFO: Run Behavior\ContentReplace [ RunTime:0.000103s ]
INFO: [ template_filter ] --END-- [ RunTime:0.000163s ]
INFO: Run Behavior\ParseTemplate [ RunTime:0.009621s ]
INFO: [ view_parse ] --END-- [ RunTime:0.009665s ]
INFO: [ view_filter ] --START--
INFO: Run Behavior\WriteHtmlCache [ RunTime:0.000134s ]
INFO: [ view_filter ] --END-- [ RunTime:0.000161s ]
INFO: [ app_end ] --START--
INFO: Run Behavior\ShowPageTrace [ RunTime:0.000422s ]
INFO: [ app_end ] --END-- [ RunTime:0.000454s ]

[ 2017-04-11T14:14:59+08:00 ] 127.0.0.1 /index.php/Topic/getansweruser?useridarr%5B%5D=3&useridarr%5B%5D=1
INFO: [ app_begin ] --START--
INFO: Run Behavior\ReadHtmlCache [ RunTime:0.000257s ]
INFO: [ app_begin ] --END-- [ RunTime:0.000420s ]
SQL: DESCRIBE user [ RunTime:0.003616s ]
SQL: SELECT `id`,`nickName`,`autograph` FROM `user` WHERE ( id = 3 )  [ RunTime:0.000205s ]
SQL: SELECT `id`,`nickName`,`autograph` FROM `user` WHERE ( id = 1 )  [ RunTime:0.000154s ]

[ 2017-04-11T14:15:01+08:00 ] 127.0.0.1 /index.php/Rcv/ispraise?is_praise=1&answer_id=5
INFO: [ app_begin ] --START--
INFO: Run Behavior\ReadHtmlCache [ RunTime:0.000234s ]
INFO: [ app_begin ] --END-- [ RunTime:0.000444s ]
SQL: DESCRIBE personoperat [ RunTime:0.001968s ]
ERR: 1146:Table 'test.personoperat' doesn't exist
 [ SQL语句 ] : DESCRIBE personoperat
SQL: DESCRIBE agreeoppose [ RunTime:0.001631s ]
SQL: INSERT INTO `agreeoppose` (`userId`,`answerId`,`agrOpp`) VALUES ('2','5',1) [ RunTime:0.002206s ]
SQL: DESCRIBE answer [ RunTime:0.002732s ]
SQL: UPDATE `answer` SET `praiseNumb`=praiseNumb+1 WHERE ( id = 5 ) [ RunTime:0.000657s ]
INFO: [ app_end ] --START--
INFO: Run Behavior\ShowPageTrace [ RunTime:0.000494s ]
INFO: [ app_end ] --END-- [ RunTime:0.000532s ]

[ 2017-04-11T14:15:14+08:00 ] 127.0.0.1 /index.php/Topic/index
INFO: [ app_begin ] --START--
INFO: Run Behavior\ReadHtmlCache [ RunTime:0.000381s ]
INFO: [ app_begin ] --END-- [ RunTime:0.000653s ]
SQL: DESCRIBE user [ RunTime:0.004037s ]
SQL: SELECT * FROM `user` WHERE ( `id` = 2 ) LIMIT 1   [ RunTime:0.000560s ]
SQL: DESCRIBE topic [ RunTime:0.002807s ]
SQL: DESCRIBE topic as a [ RunTime:0.000306s ]
ERR: 1064:You have an error in your SQL syntax; check the manual that corresponds to your MySQL server version for the right syntax to use near 'as a' at line 1
 [ SQL语句 ] : DESCRIBE topic as a
SQL: SELECT * FROM topic as a INNER JOIN AttentionTopic as b on a.topicId = b.topicId  WHERE ( userId = 2 )  [ RunTime:0.000641s ]
SQL: DESCRIBE ques [ RunTime:0.002725s ]
ERR: 1146:Table 'test.ques' doesn't exist
 [ SQL语句 ] : DESCRIBE ques
SQL: DESCRIBE question as a [ RunTime:0.000371s ]
ERR: 1064:You have an error in your SQL syntax; check the manual that corresponds to your MySQL server version for the right syntax to use near 'as a' at line 1
 [ SQL语句 ] : DESCRIBE question as a
SQL: SELECT * FROM question as a INNER JOIN Answer as b on a.id = b.quesId  WHERE ( a.topicId = 1 ) ORDER BY praiseNumb desc  [ RunTime:0.000643s ]
INFO: [ view_parse ] --START--
INFO: [ template_filter ] --START--
INFO: Run Behavior\ContentReplace [ RunTime:0.000112s ]
INFO: [ template_filter ] --END-- [ RunTime:0.000160s ]
INFO: Run Behavior\ParseTemplate [ RunTime:0.008708s ]
INFO: [ view_parse ] --END-- [ RunTime:0.008794s ]
INFO: [ view_filter ] --START--
INFO: Run Behavior\WriteHtmlCache [ RunTime:0.000293s ]
INFO: [ view_filter ] --END-- [ RunTime:0.000329s ]
INFO: [ app_end ] --START--
INFO: Run Behavior\ShowPageTrace [ RunTime:0.000633s ]
INFO: [ app_end ] --END-- [ RunTime:0.000679s ]

[ 2017-04-11T14:15:14+08:00 ] 127.0.0.1 /index.php/Topic/getansweruser?useridarr%5B%5D=3&useridarr%5B%5D=1
INFO: [ app_begin ] --START--
INFO: Run Behavior\ReadHtmlCache [ RunTime:0.000388s ]
INFO: [ app_begin ] --END-- [ RunTime:0.000782s ]
SQL: DESCRIBE user [ RunTime:0.002682s ]
SQL: SELECT `id`,`nickName`,`autograph` FROM `user` WHERE ( id = 3 )  [ RunTime:0.000306s ]
SQL: SELECT `id`,`nickName`,`autograph` FROM `user` WHERE ( id = 1 )  [ RunTime:0.000236s ]

[ 2017-04-11T14:22:19+08:00 ] 127.0.0.1 /index.php/Topic/index
INFO: [ app_begin ] --START--
INFO: Run Behavior\ReadHtmlCache [ RunTime:0.000287s ]
INFO: [ app_begin ] --END-- [ RunTime:0.000537s ]
SQL: DESCRIBE user [ RunTime:0.004750s ]
SQL: SELECT * FROM `user` WHERE ( `id` = 2 ) LIMIT 1   [ RunTime:0.000450s ]
SQL: DESCRIBE topic [ RunTime:0.001891s ]
SQL: DESCRIBE topic as a [ RunTime:0.000526s ]
ERR: 1064:You have an error in your SQL syntax; check the manual that corresponds to your MySQL server version for the right syntax to use near 'as a' at line 1
 [ SQL语句 ] : DESCRIBE topic as a
SQL: SELECT * FROM topic as a INNER JOIN AttentionTopic as b on a.topicId = b.topicId  WHERE ( userId = 2 )  [ RunTime:0.000459s ]
SQL: DESCRIBE ques [ RunTime:0.001176s ]
ERR: 1146:Table 'test.ques' doesn't exist
 [ SQL语句 ] : DESCRIBE ques
SQL: DESCRIBE question as a [ RunTime:0.000139s ]
ERR: 1064:You have an error in your SQL syntax; check the manual that corresponds to your MySQL server version for the right syntax to use near 'as a' at line 1
 [ SQL语句 ] : DESCRIBE question as a
SQL: SELECT * FROM question as a INNER JOIN Answer as b on a.id = b.quesId  WHERE ( a.topicId = 1 ) ORDER BY praiseNumb desc  [ RunTime:0.000719s ]
INFO: [ view_parse ] --START--
INFO: [ template_filter ] --START--
INFO: Run Behavior\ContentReplace [ RunTime:0.000083s ]
INFO: [ template_filter ] --END-- [ RunTime:0.000125s ]
INFO: Run Behavior\ParseTemplate [ RunTime:0.009852s ]
INFO: [ view_parse ] --END-- [ RunTime:0.009884s ]
INFO: [ view_filter ] --START--
INFO: Run Behavior\WriteHtmlCache [ RunTime:0.000105s ]
INFO: [ view_filter ] --END-- [ RunTime:0.000125s ]
INFO: [ app_end ] --START--
INFO: Run Behavior\ShowPageTrace [ RunTime:0.000391s ]
INFO: [ app_end ] --END-- [ RunTime:0.000423s ]

[ 2017-04-11T14:22:19+08:00 ] 127.0.0.1 /index.php/Topic/getansweruser?useridarr%5B%5D=3&useridarr%5B%5D=1
INFO: [ app_begin ] --START--
INFO: Run Behavior\ReadHtmlCache [ RunTime:0.000574s ]
INFO: [ app_begin ] --END-- [ RunTime:0.000821s ]
SQL: DESCRIBE user [ RunTime:0.006079s ]
SQL: SELECT `id`,`nickName`,`autograph` FROM `user` WHERE ( id = 3 )  [ RunTime:0.000438s ]
SQL: SELECT `id`,`nickName`,`autograph` FROM `user` WHERE ( id = 1 )  [ RunTime:0.003646s ]

[ 2017-04-11T14:22:21+08:00 ] 127.0.0.1 /index.php/Rcv/ispraise?is_praise=1&answer_id=5
INFO: [ app_begin ] --START--
INFO: Run Behavior\ReadHtmlCache [ RunTime:0.000318s ]
INFO: [ app_begin ] --END-- [ RunTime:0.000605s ]
SQL: DESCRIBE personoperat [ RunTime:0.001854s ]
ERR: 1146:Table 'test.personoperat' doesn't exist
 [ SQL语句 ] : DESCRIBE personoperat
SQL: DESCRIBE agreeoppose [ RunTime:0.001711s ]
SQL: INSERT INTO `agreeoppose` (`userId`,`answerId`,`agrOpp`) VALUES ('2','5',1) [ RunTime:0.001149s ]
SQL: DESCRIBE answer [ RunTime:0.002169s ]
SQL: UPDATE `answer` SET `praiseNumb`=praiseNumb+1 WHERE ( id = 5 ) [ RunTime:0.001182s ]
INFO: [ app_end ] --START--
INFO: Run Behavior\ShowPageTrace [ RunTime:0.000576s ]
INFO: [ app_end ] --END-- [ RunTime:0.000612s ]

[ 2017-04-11T14:25:04+08:00 ] 127.0.0.1 /index.php/Topic/index
INFO: [ app_begin ] --START--
INFO: Run Behavior\ReadHtmlCache [ RunTime:0.000271s ]
INFO: [ app_begin ] --END-- [ RunTime:0.000473s ]
SQL: DESCRIBE user [ RunTime:0.003607s ]
SQL: SELECT * FROM `user` WHERE ( `id` = 2 ) LIMIT 1   [ RunTime:0.000509s ]
SQL: DESCRIBE topic [ RunTime:0.006271s ]
SQL: DESCRIBE topic as a [ RunTime:0.000318s ]
ERR: 1064:You have an error in your SQL syntax; check the manual that corresponds to your MySQL server version for the right syntax to use near 'as a' at line 1
 [ SQL语句 ] : DESCRIBE topic as a
SQL: SELECT * FROM topic as a INNER JOIN AttentionTopic as b on a.topicId = b.topicId  WHERE ( userId = 2 )  [ RunTime:0.000533s ]
SQL: DESCRIBE ques [ RunTime:0.001856s ]
ERR: 1146:Table 'test.ques' doesn't exist
 [ SQL语句 ] : DESCRIBE ques
SQL: DESCRIBE question as a [ RunTime:0.000352s ]
ERR: 1064:You have an error in your SQL syntax; check the manual that corresponds to your MySQL server version for the right syntax to use near 'as a' at line 1
 [ SQL语句 ] : DESCRIBE question as a
SQL: SELECT * FROM question as a INNER JOIN Answer as b on a.id = b.quesId  WHERE ( a.topicId = 1 ) ORDER BY praiseNumb desc  [ RunTime:0.000608s ]
INFO: [ view_parse ] --START--
INFO: [ template_filter ] --START--
INFO: Run Behavior\ContentReplace [ RunTime:0.000099s ]
INFO: [ template_filter ] --END-- [ RunTime:0.000145s ]
INFO: Run Behavior\ParseTemplate [ RunTime:0.010924s ]
INFO: [ view_parse ] --END-- [ RunTime:0.010969s ]
INFO: [ view_filter ] --START--
INFO: Run Behavior\WriteHtmlCache [ RunTime:0.000207s ]
INFO: [ view_filter ] --END-- [ RunTime:0.000255s ]
INFO: [ app_end ] --START--
INFO: Run Behavior\ShowPageTrace [ RunTime:0.000767s ]
INFO: [ app_end ] --END-- [ RunTime:0.002413s ]

[ 2017-04-11T14:25:04+08:00 ] 127.0.0.1 /index.php/Topic/getansweruser?useridarr%5B%5D=3&useridarr%5B%5D=1
INFO: [ app_begin ] --START--
INFO: Run Behavior\ReadHtmlCache [ RunTime:0.000304s ]
INFO: [ app_begin ] --END-- [ RunTime:0.000547s ]
SQL: DESCRIBE user [ RunTime:0.002954s ]
SQL: SELECT `id`,`nickName`,`autograph` FROM `user` WHERE ( id = 3 )  [ RunTime:0.000236s ]
SQL: SELECT `id`,`nickName`,`autograph` FROM `user` WHERE ( id = 1 )  [ RunTime:0.000471s ]

[ 2017-04-11T14:25:06+08:00 ] 127.0.0.1 /index.php/Rcv/ispraise?is_praise=1&answer_id=5
INFO: [ app_begin ] --START--
INFO: Run Behavior\ReadHtmlCache [ RunTime:0.000356s ]
INFO: [ app_begin ] --END-- [ RunTime:0.000646s ]
SQL: DESCRIBE personoperat [ RunTime:0.003982s ]
ERR: 1146:Table 'test.personoperat' doesn't exist
 [ SQL语句 ] : DESCRIBE personoperat
SQL: DESCRIBE agreeoppose [ RunTime:0.001649s ]
SQL: INSERT INTO `agreeoppose` (`userId`,`answerId`,`agrOpp`) VALUES ('2','5',1) [ RunTime:0.000914s ]
SQL: DESCRIBE answer [ RunTime:0.002650s ]
SQL: UPDATE `answer` SET `praiseNumb`=praiseNumb+1 WHERE ( id = 5 ) [ RunTime:0.000577s ]
INFO: [ app_end ] --START--
INFO: Run Behavior\ShowPageTrace [ RunTime:0.000481s ]
INFO: [ app_end ] --END-- [ RunTime:0.000528s ]

[ 2017-04-11T14:27:44+08:00 ] 127.0.0.1 /index.php/Topic/index
INFO: [ app_begin ] --START--
INFO: Run Behavior\ReadHtmlCache [ RunTime:0.000329s ]
INFO: [ app_begin ] --END-- [ RunTime:0.000599s ]
SQL: DESCRIBE user [ RunTime:0.003639s ]
SQL: SELECT * FROM `user` WHERE ( `id` = 2 ) LIMIT 1   [ RunTime:0.000515s ]
SQL: DESCRIBE topic [ RunTime:0.001554s ]
SQL: DESCRIBE topic as a [ RunTime:0.000208s ]
ERR: 1064:You have an error in your SQL syntax; check the manual that corresponds to your MySQL server version for the right syntax to use near 'as a' at line 1
 [ SQL语句 ] : DESCRIBE topic as a
SQL: SELECT * FROM topic as a INNER JOIN AttentionTopic as b on a.topicId = b.topicId  WHERE ( userId = 2 )  [ RunTime:0.000304s ]
SQL: DESCRIBE ques [ RunTime:0.001301s ]
ERR: 1146:Table 'test.ques' doesn't exist
 [ SQL语句 ] : DESCRIBE ques
SQL: DESCRIBE question as a [ RunTime:0.000159s ]
ERR: 1064:You have an error in your SQL syntax; check the manual that corresponds to your MySQL server version for the right syntax to use near 'as a' at line 1
 [ SQL语句 ] : DESCRIBE question as a
SQL: SELECT * FROM question as a INNER JOIN Answer as b on a.id = b.quesId  WHERE ( a.topicId = 1 ) ORDER BY praiseNumb desc  [ RunTime:0.000443s ]
INFO: [ view_parse ] --START--
INFO: [ template_filter ] --START--
INFO: Run Behavior\ContentReplace [ RunTime:0.000094s ]
INFO: [ template_filter ] --END-- [ RunTime:0.000133s ]
INFO: Run Behavior\ParseTemplate [ RunTime:0.010018s ]
INFO: [ view_parse ] --END-- [ RunTime:0.010054s ]
INFO: [ view_filter ] --START--
INFO: Run Behavior\WriteHtmlCache [ RunTime:0.000112s ]
INFO: [ view_filter ] --END-- [ RunTime:0.000130s ]
INFO: [ app_end ] --START--
INFO: Run Behavior\ShowPageTrace [ RunTime:0.000430s ]
INFO: [ app_end ] --END-- [ RunTime:0.000462s ]

[ 2017-04-11T14:27:44+08:00 ] 127.0.0.1 /index.php/Topic/getansweruser?useridarr%5B%5D=3&useridarr%5B%5D=1
INFO: [ app_begin ] --START--
INFO: Run Behavior\ReadHtmlCache [ RunTime:0.000458s ]
INFO: [ app_begin ] --END-- [ RunTime:0.000701s ]
SQL: DESCRIBE user [ RunTime:0.004879s ]
SQL: SELECT `id`,`nickName`,`autograph` FROM `user` WHERE ( id = 3 )  [ RunTime:0.003736s ]
SQL: SELECT `id`,`nickName`,`autograph` FROM `user` WHERE ( id = 1 )  [ RunTime:0.003171s ]

[ 2017-04-11T14:27:46+08:00 ] 127.0.0.1 /index.php/Rcv/ispraise?is_praise=1&answer_id=5
INFO: [ app_begin ] --START--
INFO: Run Behavior\ReadHtmlCache [ RunTime:0.000586s ]
INFO: [ app_begin ] --END-- [ RunTime:0.000872s ]
SQL: DESCRIBE personoperat [ RunTime:0.001931s ]
ERR: 1146:Table 'test.personoperat' doesn't exist
 [ SQL语句 ] : DESCRIBE personoperat
SQL: DESCRIBE agreeoppose [ RunTime:0.002276s ]
SQL: INSERT INTO `agreeoppose` (`userId`,`answerId`,`agrOpp`) VALUES ('2','5',1) [ RunTime:0.000545s ]
SQL: DESCRIBE answer [ RunTime:0.003650s ]
SQL: UPDATE `answer` SET `praiseNumb`=praiseNumb+1 WHERE ( id = 5 ) [ RunTime:0.001114s ]
INFO: [ app_end ] --START--
INFO: Run Behavior\ShowPageTrace [ RunTime:0.000518s ]
INFO: [ app_end ] --END-- [ RunTime:0.000563s ]

[ 2017-04-11T14:28:20+08:00 ] 127.0.0.1 /index.php/Topic/index
INFO: [ app_begin ] --START--
INFO: Run Behavior\ReadHtmlCache [ RunTime:0.000387s ]
INFO: [ app_begin ] --END-- [ RunTime:0.000633s ]
SQL: DESCRIBE user [ RunTime:0.003130s ]
SQL: SELECT * FROM `user` WHERE ( `id` = 2 ) LIMIT 1   [ RunTime:0.000393s ]
SQL: DESCRIBE topic [ RunTime:0.002169s ]
SQL: DESCRIBE topic as a [ RunTime:0.000477s ]
ERR: 1064:You have an error in your SQL syntax; check the manual that corresponds to your MySQL server version for the right syntax to use near 'as a' at line 1
 [ SQL语句 ] : DESCRIBE topic as a
SQL: SELECT * FROM topic as a INNER JOIN AttentionTopic as b on a.topicId = b.topicId  WHERE ( userId = 2 )  [ RunTime:0.000903s ]
SQL: DESCRIBE ques [ RunTime:0.005141s ]
ERR: 1146:Table 'test.ques' doesn't exist
 [ SQL语句 ] : DESCRIBE ques
SQL: DESCRIBE question as a [ RunTime:0.000455s ]
ERR: 1064:You have an error in your SQL syntax; check the manual that corresponds to your MySQL server version for the right syntax to use near 'as a' at line 1
 [ SQL语句 ] : DESCRIBE question as a
SQL: SELECT * FROM question as a INNER JOIN Answer as b on a.id = b.quesId  WHERE ( a.topicId = 1 ) ORDER BY praiseNumb desc  [ RunTime:0.000746s ]
INFO: [ view_parse ] --START--
INFO: [ template_filter ] --START--
INFO: Run Behavior\ContentReplace [ RunTime:0.000100s ]
INFO: [ template_filter ] --END-- [ RunTime:0.000147s ]
INFO: Run Behavior\ParseTemplate [ RunTime:0.008530s ]
INFO: [ view_parse ] --END-- [ RunTime:0.008597s ]
INFO: [ view_filter ] --START--
INFO: Run Behavior\WriteHtmlCache [ RunTime:0.000158s ]
INFO: [ view_filter ] --END-- [ RunTime:0.000185s ]
INFO: [ app_end ] --START--
INFO: Run Behavior\ShowPageTrace [ RunTime:0.000559s ]
INFO: [ app_end ] --END-- [ RunTime:0.000603s ]

[ 2017-04-11T14:28:21+08:00 ] 127.0.0.1 /index.php/Topic/getansweruser?useridarr%5B%5D=3&useridarr%5B%5D=1
INFO: [ app_begin ] --START--
INFO: Run Behavior\ReadHtmlCache [ RunTime:0.000274s ]
INFO: [ app_begin ] --END-- [ RunTime:0.000482s ]
SQL: DESCRIBE user [ RunTime:0.001905s ]
SQL: SELECT `id`,`nickName`,`autograph` FROM `user` WHERE ( id = 3 )  [ RunTime:0.000289s ]
SQL: SELECT `id`,`nickName`,`autograph` FROM `user` WHERE ( id = 1 )  [ RunTime:0.000173s ]

[ 2017-04-11T14:28:22+08:00 ] 127.0.0.1 /index.php/Rcv/ispraise?is_praise=1&answer_id=5
INFO: [ app_begin ] --START--
INFO: Run Behavior\ReadHtmlCache [ RunTime:0.000316s ]
INFO: [ app_begin ] --END-- [ RunTime:0.000545s ]
SQL: DESCRIBE personoperat [ RunTime:0.001823s ]
ERR: 1146:Table 'test.personoperat' doesn't exist
 [ SQL语句 ] : DESCRIBE personoperat
SQL: DESCRIBE agreeoppose [ RunTime:0.001676s ]
SQL: INSERT INTO `agreeoppose` (`userId`,`answerId`,`agrOpp`,`createTime`) VALUES ('2','5',1,'2017-04-11 14:04:22') [ RunTime:0.001124s ]
SQL: DESCRIBE answer [ RunTime:0.002739s ]
SQL: UPDATE `answer` SET `praiseNumb`=praiseNumb+1 WHERE ( id = 5 ) [ RunTime:0.000779s ]
INFO: [ app_end ] --START--
INFO: Run Behavior\ShowPageTrace [ RunTime:0.000612s ]
INFO: [ app_end ] --END-- [ RunTime:0.000650s ]

