[ 2017-05-15T23:13:17+08:00 ] 127.0.0.1 /
INFO: [ app_begin ] --START--
INFO: Run Behavior\ReadHtmlCache [ RunTime:0.000482s ]
INFO: [ app_begin ] --END-- [ RunTime:0.000903s ]

[ 2017-05-15T23:13:17+08:00 ] 127.0.0.1 /index.php/Sign/index
INFO: [ app_begin ] --START--
INFO: Run Behavior\ReadHtmlCache [ RunTime:0.000173s ]
INFO: [ app_begin ] --END-- [ RunTime:0.000311s ]
INFO: [ view_parse ] --START--
INFO: [ template_filter ] --START--
INFO: Run Behavior\ContentReplace [ RunTime:0.000031s ]
INFO: [ template_filter ] --END-- [ RunTime:0.000052s ]
INFO: Run Behavior\ParseTemplate [ RunTime:0.004053s ]
INFO: [ view_parse ] --END-- [ RunTime:0.004076s ]
INFO: [ view_filter ] --START--
INFO: Run Behavior\WriteHtmlCache [ RunTime:0.000745s ]
INFO: [ view_filter ] --END-- [ RunTime:0.000764s ]
INFO: [ app_end ] --START--
INFO: Run Behavior\ShowPageTrace [ RunTime:0.000547s ]
INFO: [ app_end ] --END-- [ RunTime:0.000568s ]

[ 2017-05-15T23:13:17+08:00 ] 127.0.0.1 /index.php/Home/Sign/verify_c
INFO: [ app_begin ] --START--
INFO: Run Behavior\ReadHtmlCache [ RunTime:0.000276s ]
INFO: [ app_begin ] --END-- [ RunTime:0.000487s ]
NOTIC: [8] A session had already been started - ignoring session_start() /Users/apple/Sites/tp/ThinkPHP/Application/Home/Controller/SignController.class.php 第 26 行.
INFO: [ app_end ] --START--
INFO: Run Behavior\ShowPageTrace [ RunTime:0.000353s ]
INFO: [ app_end ] --END-- [ RunTime:0.000389s ]

