[ 2017-08-27T21:15:27+08:00 ] 127.0.0.1 /
INFO: [ app_begin ] --START--
INFO: Run Behavior\ReadHtmlCache [ RunTime:0.000845s ]
INFO: [ app_begin ] --END-- [ RunTime:0.001478s ]

[ 2017-08-27T21:15:27+08:00 ] 127.0.0.1 /index.php/Sign/index
INFO: [ app_begin ] --START--
INFO: Run Behavior\ReadHtmlCache [ RunTime:0.000175s ]
INFO: [ app_begin ] --END-- [ RunTime:0.000315s ]
INFO: [ view_parse ] --START--
INFO: [ template_filter ] --START--
INFO: Run Behavior\ContentReplace [ RunTime:0.000034s ]
INFO: [ template_filter ] --END-- [ RunTime:0.000063s ]
INFO: Run Behavior\ParseTemplate [ RunTime:0.006996s ]
INFO: [ view_parse ] --END-- [ RunTime:0.007053s ]
INFO: [ view_filter ] --START--
INFO: Run Behavior\WriteHtmlCache [ RunTime:0.000366s ]
INFO: [ view_filter ] --END-- [ RunTime:0.000384s ]
INFO: [ app_end ] --START--
INFO: Run Behavior\ShowPageTrace [ RunTime:0.000705s ]
INFO: [ app_end ] --END-- [ RunTime:0.000737s ]

[ 2017-08-27T21:15:28+08:00 ] 127.0.0.1 /index.php/Home/Sign/verify_c
INFO: [ app_begin ] --START--
INFO: Run Behavior\ReadHtmlCache [ RunTime:0.000204s ]
INFO: [ app_begin ] --END-- [ RunTime:0.000358s ]
NOTIC: [8] A session had already been started - ignoring session_start() /Users/apple/Sites/tp/ThinkPHP/Application/Home/Controller/SignController.class.php 第 26 行.
INFO: [ app_end ] --START--
INFO: Run Behavior\ShowPageTrace [ RunTime:0.000270s ]
INFO: [ app_end ] --END-- [ RunTime:0.000302s ]

